<?xml version="1.0" encoding="UTF-8"?>
<!-- Generated by org.testng.reporters.JUnitXMLReporter -->
<testsuite hostname="DESKTOP-D33NOES" ignored="0" name="Test" tests="1" failures="0" timestamp="2020-09-07T15:03:25 IST" time="0.078" errors="0">
  <testcase name="@BeforeClass openbrowse" time="-1.599471205721E9" classname="Framework.KiteLoginTest2">
    <failure type="org.testng.TestNGException" message="
Parameter &amp;apos;browser&amp;apos; is required by BeforeClass on method openbrowse but has not been marked @Optional or defined
in C:\Users\A\eclipse-workspace\akshay\parallel.xml">
      <![CDATA[org.testng.TestNGException: 
Parameter 'browser' is required by BeforeClass on method openbrowse but has not been marked @Optional or defined
in C:\Users\A\eclipse-workspace\akshay\parallel.xml
at java.util.ArrayList.forEach(Unknown Source)
... Removed 22 stack frames]]>
    </failure>
  </testcase> <!-- @BeforeClass openbrowse -->
  <testcase name="@BeforeMethod LoginToApp" time="-1.599471205752E9" classname="Framework.KiteLoginTest2">
    <skipped/>
  </testcase> <!-- @BeforeMethod LoginToApp -->
  <testcase name="@AfterMethod LogoutFromApp" time="-1.599471205768E9" classname="Framework.KiteLoginTest2">
    <skipped/>
  </testcase> <!-- @AfterMethod LogoutFromApp -->
  <testcase name="@AfterClass closebrowser" time="-1.599471205768E9" classname="Framework.KiteLoginTest2">
    <skipped/>
  </testcase> <!-- @AfterClass closebrowser -->
  <testcase name="verifyprofilepage" time="0.0" classname="Framework.KiteLoginTest2">
    <skipped/>
  </testcase> <!-- verifyprofilepage -->
</testsuite> <!-- Test -->
