<?xml version="1.0" encoding="UTF-8"?>
<!-- Generated by org.testng.reporters.JUnitXMLReporter -->
<testsuite hostname="DESKTOP-D33NOES" ignored="0" name="browser test" tests="1" failures="1" timestamp="2020-09-08T10:55:26 IST" time="85.926" errors="0">
  <testcase name="verifyprofilepage" time="0.119" classname="Framework.KiteLoginTest2">
    <failure type="java.lang.AssertionError" message="expected [KV1] but found [KV]">
      <![CDATA[java.lang.AssertionError: expected [KV1] but found [KV]
at Framework.KiteLoginTest2.verifyprofilepage(KiteLoginTest2.java:73)
at java.util.ArrayList.forEach(Unknown Source)
at java.util.concurrent.FutureTask.run(Unknown Source)
at java.util.concurrent.ThreadPoolExecutor.runWorker(Unknown Source)
at java.util.concurrent.ThreadPoolExecutor$Worker.run(Unknown Source)
at java.lang.Thread.run(Unknown Source)
... Removed 24 stack frames]]>
    </failure>
  </testcase> <!-- verifyprofilepage -->
</testsuite> <!-- browser test -->
